c:\git\glucose_quicklogs\glucose quicklogs\debug\vc140.pdb
c:\git\glucose_quicklogs\glucose quicklogs\debug\.netframework,version=v4.5.2.assemblyattributes.obj
c:\git\glucose_quicklogs\glucose quicklogs\debug\.netframework,version=v4.5.2.assemblyattributes.asm
c:\git\glucose_quicklogs\glucose quicklogs\debug\myform1.obj
c:\git\glucose_quicklogs\glucose quicklogs\debug\myform.obj
c:\git\glucose_quicklogs\glucose quicklogs\debug\glucose_quicklogs.myform.resources
c:\git\glucose_quicklogs\glucose quicklogs\debug\glucose_quicklogs.myform1.resources
c:\git\glucose_quicklogs\debug\glucose quicklogs.exe
c:\git\glucose_quicklogs\debug\glucose quicklogs.pdb
c:\git\glucose_quicklogs\glucose quicklogs\debug\glucose quicklogs.vcxproj.generateresource.cache
c:\git\glucose_quicklogs\glucose quicklogs\debug\glucose .9696b190.tlog\cl.command.1.tlog
c:\git\glucose_quicklogs\glucose quicklogs\debug\glucose .9696b190.tlog\cl.read.1.tlog
c:\git\glucose_quicklogs\glucose quicklogs\debug\glucose .9696b190.tlog\cl.write.1.tlog
c:\git\glucose_quicklogs\glucose quicklogs\debug\glucose .9696b190.tlog\glucose quicklogs.write.1u.tlog
c:\git\glucose_quicklogs\glucose quicklogs\debug\glucose .9696b190.tlog\link.command.1.tlog
c:\git\glucose_quicklogs\glucose quicklogs\debug\glucose .9696b190.tlog\link.read.1.tlog
c:\git\glucose_quicklogs\glucose quicklogs\debug\glucose .9696b190.tlog\link.write.1.tlog
c:\git\glucose_quicklogs\glucose quicklogs\debug\glucose .9696b190.tlog\metagen.read.1.tlog
c:\git\glucose_quicklogs\glucose quicklogs\debug\glucose .9696b190.tlog\metagen.write.1.tlog
c:\git\glucose_quicklogs\glucose quicklogs\debug\glucose .9696b190.tlog\tzres.dll.bi
